<?xml version="1.0" encoding="UTF-8"?>
<!-- Generated by org.testng.reporters.JUnitXMLReporter -->
<testsuite ignored="2" hostname="DESKTOP-5L2K03F" failures="0" tests="3" name="OrangeHRMLogin" time="12.944" errors="0" timestamp="2023-08-01T23:20:36 BST">
  <testcase classname="com.dee.test1.OrangeHRM" name="LaunchApp" time="5.384"/>
  <testcase classname="com.dee.test1.OrangeHRM" name="EnterLoginDetails" time="2.407"/>
  <testcase classname="com.dee.test1.OrangeHRM" name="VerifyLoginDetails" time="0.153"/>
  <testcase classname="com.dee.test1.OrangeHRM" name="VerifyMyInfo" time="0.0">
    <ignored/>
  </testcase> <!-- VerifyMyInfo -->
  <testcase classname="com.dee.test1.OrangeHRM" name="NavigateToMyInfo" time="0.0">
    <ignored/>
  </testcase> <!-- NavigateToMyInfo -->
</testsuite> <!-- OrangeHRMLogin -->
