<?xml version="1.0" encoding="UTF-8"?>
<!-- Generated by org.testng.reporters.JUnitXMLReporter -->
<testsuite ignored="1" hostname="DESKTOP-5L2K03F" failures="0" tests="4" name="OrangeHRMMyInfo" time="12.928" errors="0" timestamp="2023-08-01T23:20:49 BST">
  <testcase classname="com.dee.test1.OrangeHRM" name="LaunchApp" time="4.742"/>
  <testcase classname="com.dee.test1.OrangeHRM" name="EnterLoginDetails" time="2.312"/>
  <testcase classname="com.dee.test1.OrangeHRM" name="NavigateToMyInfo" time="2.964"/>
  <testcase classname="com.dee.test1.OrangeHRM" name="VerifyMyInfo" time="0.077"/>
  <testcase classname="com.dee.test1.OrangeHRM" name="VerifyLoginDetails" time="0.0">
    <ignored/>
  </testcase> <!-- VerifyLoginDetails -->
</testsuite> <!-- OrangeHRMMyInfo -->
