<?xml version="1.0" encoding="UTF-8"?>
<!-- Generated by org.testng.reporters.JUnitXMLReporter -->
<testsuite ignored="1" hostname="DESKTOP-5L2K03F" failures="0" tests="1" name="TestFacebook" time="19.972" errors="0" timestamp="2023-08-01T23:21:23 BST">
  <testcase classname="com.dee.test1.FirstClass" name="TestFacebook" time="19.969"/>
  <testcase classname="com.dee.test1.FirstClass" name="TestGoogle" time="0.0">
    <ignored/>
  </testcase> <!-- TestGoogle -->
</testsuite> <!-- TestFacebook -->
