<?xml version="1.0" encoding="UTF-8"?>
<!-- Generated by org.testng.reporters.JUnitXMLReporter -->
<testsuite ignored="1" hostname="DESKTOP-5L2K03F" failures="0" tests="1" name="TestGoogle" time="14.045" errors="0" timestamp="2023-08-01T23:21:03 BST">
  <testcase classname="com.dee.test1.FirstClass" name="TestGoogle" time="14.041"/>
  <testcase classname="com.dee.test1.FirstClass" name="TestFacebook" time="0.0">
    <ignored/>
  </testcase> <!-- TestFacebook -->
</testsuite> <!-- TestGoogle -->
